<?xml version="1.0" encoding="UTF-8"?>
<!-- Generated by org.testng.reporters.JUnitReportReporter -->
<testsuite hostname="LGVN14359-WIN7" name="com.stta.SuiteOne.SuiteOneCaseTwo" tests="2" failures="0" timestamp="12 May 2016 09:04:36 GMT" time="30.909" errors="0">
  <testcase name="SuiteOneCaseTwoTest" time="17.863" classname="com.stta.SuiteOne.SuiteOneCaseTwo"/>
  <testcase name="SuiteOneCaseTwoTest" time="13.046" classname="com.stta.SuiteOne.SuiteOneCaseTwo"/>
</testsuite> <!-- com.stta.SuiteOne.SuiteOneCaseTwo -->
