<?xml version="1.0" encoding="UTF-8"?>
<!-- Generated by org.testng.reporters.JUnitReportReporter -->
<testsuite hostname="LGVN14359-WIN7" name="com.stta.SuiteTwo.SuiteTwoCaseOne" tests="2" failures="0" timestamp="12 May 2016 09:04:36 GMT" time="34.375" errors="0">
  <testcase name="SuiteTwoCaseOneTest" time="13.702" classname="com.stta.SuiteTwo.SuiteTwoCaseOne"/>
  <testcase name="SuiteTwoCaseOneTest" time="20.673" classname="com.stta.SuiteTwo.SuiteTwoCaseOne"/>
</testsuite> <!-- com.stta.SuiteTwo.SuiteTwoCaseOne -->
