<?xml version="1.0" encoding="UTF-8"?>
<!-- Generated by org.testng.reporters.JUnitReportReporter -->
<testsuite hostname="LGVN14359-WIN7" name="com.stta.SuiteOne.SuiteOneCaseOne" tests="2" failures="0" timestamp="13 May 2016 03:15:43 GMT" time="17.626" errors="0">
  <testcase name="SuiteOneCaseOneTest" time="6.259" classname="com.stta.SuiteOne.SuiteOneCaseOne"/>
  <testcase name="SuiteOneCaseOneTest" time="11.367" classname="com.stta.SuiteOne.SuiteOneCaseOne"/>
</testsuite> <!-- com.stta.SuiteOne.SuiteOneCaseOne -->
