<?xml version="1.0" encoding="UTF-8"?>
<!-- Generated by org.testng.reporters.JUnitReportReporter -->
<testsuite hostname="LGVN14359-WIN7" name="com.stta.SuiteTwo.SuiteTwoCaseTwo" tests="2" failures="0" timestamp="12 May 2016 09:04:36 GMT" time="35.676" errors="0">
  <testcase name="SuiteTwoCaseTwoTest" time="15.962" classname="com.stta.SuiteTwo.SuiteTwoCaseTwo"/>
  <testcase name="SuiteTwoCaseTwoTest" time="19.714" classname="com.stta.SuiteTwo.SuiteTwoCaseTwo"/>
</testsuite> <!-- com.stta.SuiteTwo.SuiteTwoCaseTwo -->
