<?xml version="1.0" encoding="UTF-8" ?>
<testsuite errors="0" failures="0" hostname="LGVN14359-WIN7" name="com.stta.SuiteOne.Mytest" skipped="0" tests="1" time="0.134" timestamp="2016-05-12T03:56:43">
  <properties>
    <property name="java.vendor" value="Oracle Corporation" />
    <property name="sun.java.launcher" value="SUN_STANDARD" />
    <property name="sun.management.compiler" value="HotSpot Client Compiler" />
    <property name="env.PROMPT" value="$P$G" />
    <property name="os.name" value="Windows 7" />
    <property name="env.FP_NO_HOST_CHECK" value="NO" />
    <property name="sun.boot.class.path" value="C:\Program Files\Java\jdk1.8.0_20\jre\lib\resources.jar;C:\Program Files\Java\jdk1.8.0_20\jre\lib\rt.jar;C:\Program Files\Java\jdk1.8.0_20\jre\lib\sunrsasign.jar;C:\Program Files\Java\jdk1.8.0_20\jre\lib\jsse.jar;C:\Program Files\Java\jdk1.8.0_20\jre\lib\jce.jar;C:\Program Files\Java\jdk1.8.0_20\jre\lib\charsets.jar;C:\Program Files\Java\jdk1.8.0_20\jre\lib\jfr.jar;C:\Program Files\Java\jdk1.8.0_20\jre\classes" />
    <property name="env.COMPUTERNAME" value="LGVN14359-WIN7" />
    <property name="env.ALLUSERSPROFILE" value="C:\ProgramData" />
    <property name="sun.desktop" value="windows" />
    <property name="java.vm.specification.vendor" value="Oracle Corporation" />
    <property name="ant.home" value="D:\Git\TDDF\apache-ant-1.9.7" />
    <property name="java.runtime.version" value="1.8.0_20-b26" />
    <property name="env.HOMEPATH" value="\Users\lien.ngo" />
    <property name="user.name" value="lien.ngo" />
    <property name="user.language" value="en" />
    <property name="env.windows_tracing_flags" value="3" />
    <property name="sun.boot.library.path" value="C:\Program Files\Java\jdk1.8.0_20\jre\bin" />
    <property name="ant.project.default-target" value="build" />
    <property name="ant.project.name" value="TDDF" />
    <property name="java.version" value="1.8.0_20" />
    <property name="env.PROCESSOR_IDENTIFIER" value="x86 Family 6 Model 37 Stepping 5, GenuineIntel" />
    <property name="user.timezone" value="Asia/Bangkok" />
    <property name="env.asl.log" value="Destination=file;C:\Program Files\Java\jdk1.8.0_20\bin;" />
    <property name="env.TEMP" value="C:\Users\lien.ngo\AppData\Local\Temp" />
    <property name="sun.arch.data.model" value="32" />
    <property name="java.endorsed.dirs" value="C:\Program Files\Java\jdk1.8.0_20\jre\lib\endorsed" />
    <property name="sun.cpu.isalist" value="pentium_pro+mmx pentium_pro pentium+mmx pentium i486 i386 i86" />
    <property name="env.HOMEDRIVE" value="C:" />
    <property name="sun.jnu.encoding" value="Cp1252" />
    <property name="file.encoding.pkg" value="sun.io" />
    <property name="file.separator" value="\" />
    <property name="java.specification.name" value="Java Platform API Specification" />
    <property name="java.class.version" value="52.0" />
    <property name="user.country" value="US" />
    <property name="java.home" value="C:\Program Files\Java\jdk1.8.0_20\jre" />
    <property name="env.PSModulePath" value="C:\Windows\system32\WindowsPowerShell\v1.0\Modules\" />
    <property name="env.APPDATA" value="C:\Users\lien.ngo\AppData\Roaming" />
    <property name="env.PUBLIC" value="C:\Users\Public" />
    <property name="env.windows_tracing_logfile" value="C:\BVTBin\Tests\installpackage\csilogfile.log" />
    <property name="java.vm.info" value="mixed mode" />
    <property name="env.ComSpec" value="C:\Windows\system32\cmd.exe" />
    <property name="env.OS" value="Windows_NT" />
    <property name="env.CommonProgramFiles" value="C:\Program Files\Common Files" />
    <property name="ant.file" value="D:\Git\TDDF\build.xml" />
    <property name="os.version" value="6.1" />
    <property name="path.separator" value=";" />
    <property name="java.vm.version" value="25.20-b23" />
    <property name="env.USERPROFILE" value="C:\Users\lien.ngo" />
    <property name="user.variant" value="" />
    <property name="ant.library.dir" value="D:\Git\TDDF\apache-ant-1.9.7\lib" />
    <property name="junit.output.dir" value="junit" />
    <property name="env.JAVA_HOME" value="C:\Program Files\Java\jdk1.8.0_20" />
    <property name="java.awt.printerjob" value="sun.awt.windows.WPrinterJob" />
    <property name="env.TMP" value="C:\Users\lien.ngo\AppData\Local\Temp" />
    <property name="sun.io.unicode.encoding" value="UnicodeLittle" />
    <property name="awt.toolkit" value="sun.awt.windows.WToolkit" />
    <property name="user.script" value="" />
    <property name="user.home" value="C:\Users\lien.ngo" />
    <property name="target" value="1.8" />
    <property name="env.ProgramData" value="C:\ProgramData" />
    <property name="env.SESSIONNAME" value="Console" />
    <property name="java.specification.vendor" value="Oracle Corporation" />
    <property name="env.NUMBER_OF_PROCESSORS" value="4" />
    <property name="java.library.path" value="C:\Program Files\Java\jdk1.8.0_20\jre\bin;C:\Windows\Sun\Java\bin;C:\Windows\system32;C:\Windows;C:/Program Files/Java/jre1.8.0_77/bin/client;C:/Program Files/Java/jre1.8.0_77/bin;C:/Program Files/Java/jre1.8.0_77/lib/i386;C:\ProgramData\Oracle\Java\javapath;C:\Program Files\Dell\DW WLAN Card;;C:\Windows\system32;C:\Windows;C:\Windows\System32\Wbem;C:\Windows\System32\WindowsPowerShell\v1.0\;C:\Program Files\WIDCOMM\Bluetooth Software\;C:\Program Files\Skype\Phone\;C:\Program Files\Java\jdk1.8.0_20\bin;D:\Git\TDDF\apache-ant-1.9.7\bin;D:\Softs\Eclipse\eclipse-java-luna-SR1-win32\eclipse;;." />
    <property name="java.vendor.url" value="http://java.oracle.com/" />
    <property name="env.USERDNSDOMAIN" value="LOGIGEAR.COM" />
    <property name="java.vm.vendor" value="Oracle Corporation" />
    <property name="java.runtime.name" value="Java(TM) SE Runtime Environment" />
    <property name="ant.version" value="Apache Ant(TM) version 1.9.7 compiled on April 9 2016" />
    <property name="sun.java.command" value="org.apache.tools.ant.taskdefs.optional.junit.JUnitTestRunner com.stta.SuiteOne.Mytest skipNonTests=false filtertrace=true haltOnError=false haltOnFailure=false formatter=org.apache.tools.ant.taskdefs.optional.junit.OutErrSummaryJUnitResultFormatter showoutput=false outputtoformatters=true logfailedtests=true threadid=0 logtestlistenerevents=false formatter=org.apache.tools.ant.taskdefs.optional.junit.XMLJUnitResultFormatter,D:\Git\TDDF\junit\TEST-com.stta.SuiteOne.Mytest.xml crashfile=D:\Git\TDDF\junitvmwatcher9102910438536379011.properties propsfile=D:\Git\TDDF\junit7434967278636838042.properties" />
    <property name="java.class.path" value="D:\Git\TDDF\bin;D:\Git\TDDF\JarFiles\apache-mime4j-0.6.jar;D:\Git\TDDF\JarFiles\bsh-2.0b4.jar;D:\Git\TDDF\JarFiles\cglib-nodep-2.1_3.jar;D:\Git\TDDF\JarFiles\commons-codec-1.10.jar;D:\Git\TDDF\JarFiles\commons-exec-1.3.jar;D:\Git\TDDF\JarFiles\commons-io-2.4.jar;D:\Git\TDDF\JarFiles\commons-logging-1.2.jar;D:\Git\TDDF\JarFiles\curvesapi-1.03.jar;D:\Git\TDDF\JarFiles\dom4j-1.6.1.jar;D:\Git\TDDF\JarFiles\gson-2.3.1.jar;D:\Git\TDDF\JarFiles\guava-19.0.jar;D:\Git\TDDF\JarFiles\hamcrest-core-1.3.jar;D:\Git\TDDF\JarFiles\hamcrest-library-1.3.jar;D:\Git\TDDF\JarFiles\httpclient-4.5.1.jar;D:\Git\TDDF\JarFiles\httpcore-4.4.3.jar;D:\Git\TDDF\JarFiles\httpmime-4.5.jar;D:\Git\TDDF\JarFiles\jcommander-1.48.jar;D:\Git\TDDF\JarFiles\jna-4.1.0.jar;D:\Git\TDDF\JarFiles\jna-platform-4.1.0.jar;D:\Git\TDDF\JarFiles\junit-4.12.jar;D:\Git\TDDF\JarFiles\log4j-1.2.17.jar;D:\Git\TDDF\JarFiles\netty-3.5.7.Final.jar;D:\Git\TDDF\JarFiles\phantomjsdriver-1.2.1.jar;D:\Git\TDDF\JarFiles\poi-3.14-20160307.jar;D:\Git\TDDF\JarFiles\poi-ooxml-3.14-20160307.jar;D:\Git\TDDF\JarFiles\poi-ooxml-schemas-3.14-20160307.jar;D:\Git\TDDF\JarFiles\saxon-8.7.jar;D:\Git\TDDF\JarFiles\SaxonLiaison.jar;D:\Git\TDDF\JarFiles\selenium-java-2.53.0-srcs.jar;D:\Git\TDDF\JarFiles\selenium-java-2.53.0.jar;D:\Git\TDDF\JarFiles\xmlbeans-2.6.0.jar;D:\Git\TDDF\JarFiles\testng-6.9.9.jar;D:\Git\TDDF\JarFiles\testng-xslt-maven-plugin-test-0.0.jar;D:\Softs\Eclipse\eclipse-java-luna-SR1-win32\eclipse\plugins\org.junit_4.11.0.v201303080030\junit.jar;D:\Git\TDDF\apache-ant-1.9.7\lib\ant-launcher.jar;D:\Git\TDDF\apache-ant-1.9.7\lib\ant.jar;D:\Git\TDDF\apache-ant-1.9.7\lib\ant-junit.jar;D:\Git\TDDF\apache-ant-1.9.7\lib\ant-junit4.jar" />
    <property name="java.vm.specification.name" value="Java Virtual Machine Specification" />
    <property name="env.windir" value="C:\Windows" />
    <property name="env.LOGONSERVER" value="\\LGSG-DC01" />
    <property name="java.vm.specification.version" value="1.8" />
    <property name="env.PROCESSOR_ARCHITECTURE" value="x86" />
    <property name="sun.cpu.endian" value="little" />
    <property name="sun.os.patch.level" value="Service Pack 1" />
    <property name="debuglevel" value="source,lines,vars" />
    <property name="env.ANT_HOME" value="D:\Git\TDDF\apache-ant-1.9.7" />
    <property name="env.ProgramFiles" value="C:\Program Files" />
    <property name="java.io.tmpdir" value="C:\Users\lien.ngo\AppData\Local\Temp\" />
    <property name="env.PROCESSOR_REVISION" value="2505" />
    <property name="java.vendor.url.bug" value="http://bugreport.sun.com/bugreport/" />
    <property name="env.SystemRoot" value="C:\Windows" />
    <property name="os.arch" value="x86" />
    <property name="java.awt.graphicsenv" value="sun.awt.Win32GraphicsEnvironment" />
    <property name="java.ext.dirs" value="C:\Program Files\Java\jdk1.8.0_20\jre\lib\ext;C:\Windows\Sun\Java\lib\ext" />
    <property name="user.dir" value="D:\Git\TDDF" />
    <property name="env.LOCALAPPDATA" value="C:\Users\lien.ngo\AppData\Local" />
    <property name="ant.file.TDDF" value="D:\Git\TDDF\build.xml" />
    <property name="line.separator" value="&#xd;&#xa;" />
    <property name="java.vm.name" value="Java HotSpot(TM) Client VM" />
    <property name="env.PATHEXT" value=".COM;.EXE;.BAT;.CMD;.VBS;.VBE;.JS;.JSE;.WSF;.WSH;.MSC" />
    <property name="ant.file.type.TDDF" value="file" />
    <property name="env.Path" value="C:/Program Files/Java/jre1.8.0_77/bin/client;C:/Program Files/Java/jre1.8.0_77/bin;C:/Program Files/Java/jre1.8.0_77/lib/i386;C:\ProgramData\Oracle\Java\javapath;C:\Program Files\Dell\DW WLAN Card;;C:\Windows\system32;C:\Windows;C:\Windows\System32\Wbem;C:\Windows\System32\WindowsPowerShell\v1.0\;C:\Program Files\WIDCOMM\Bluetooth Software\;C:\Program Files\Skype\Phone\;C:\Program Files\Java\jdk1.8.0_20\bin;D:\Git\TDDF\apache-ant-1.9.7\bin;D:\Softs\Eclipse\eclipse-java-luna-SR1-win32\eclipse;" />
    <property name="basedir" value="D:\Git\TDDF" />
    <property name="ant.java.version" value="1.8" />
    <property name="ant.core.lib" value="D:\Git\TDDF\apache-ant-1.9.7\lib\ant.jar" />
    <property name="env.USERNAME" value="lien.ngo" />
    <property name="source" value="1.8" />
    <property name="env.SystemDrive" value="C:" />
    <property name="file.encoding" value="Cp1252" />
    <property name="env.USERDOMAIN" value="STI2K" />
    <property name="java.specification.version" value="1.8" />
    <property name="ant.project.invoked-targets" value="build,Bike,Mytest (1),Mytest (2),TestVehicles (1),Vehicles (1),junitreport" />
    <property name="env.PROCESSOR_LEVEL" value="6" />
  </properties>
  <testcase classname="com.stta.SuiteOne.Mytest" name="test" time="0.002" />
  <system-out><![CDATA[String removed duplicate: ABCD EFGH
]]></system-out>
  <system-err><![CDATA[]]></system-err>
</testsuite>
